28-Nov-2023 07:49:39.049 INFO [main] org.apache.catalina.core.StandardServer.await 셧다운 포트를 통해 유효한 셧다운 명령을 받았습니다. 서버 인스턴스를 중지시킵니다.
28-Nov-2023 07:49:39.065 INFO [main] org.apache.coyote.AbstractProtocol.pause 프로토콜 핸들러 ["http-nio-8080"]을(를) 일시 정지 중
28-Nov-2023 07:49:39.847 INFO [main] org.apache.catalina.core.StandardService.stopInternal 서비스 [Catalina]을(를) 중지시킵니다.
28-Nov-2023 07:49:39.898 INFO [main] org.apache.coyote.AbstractProtocol.stop 프로토콜 핸들러 ["http-nio-8080"]을(를) 중지시킵니다.
28-Nov-2023 07:49:39.917 INFO [main] org.apache.coyote.AbstractProtocol.destroy 프로토콜 핸들러 ["http-nio-8080"]을(를) 소멸시킵니다.
28-Nov-2023 07:49:43.289 INFO [main] org.apache.catalina.startup.VersionLoggerListener.log 서버 버전 이름:    Apache Tomcat/8.5.95
28-Nov-2023 07:49:43.295 INFO [main] org.apache.catalina.startup.VersionLoggerListener.log Server 빌드 시각:  Oct 12 2023 00:55:53 UTC
28-Nov-2023 07:49:43.295 INFO [main] org.apache.catalina.startup.VersionLoggerListener.log Server 버전 번호:  8.5.95.0
28-Nov-2023 07:49:43.296 INFO [main] org.apache.catalina.startup.VersionLoggerListener.log 운영체제 이름:     Windows 10
28-Nov-2023 07:49:43.296 INFO [main] org.apache.catalina.startup.VersionLoggerListener.log 운영체제 버전:     10.0
28-Nov-2023 07:49:43.296 INFO [main] org.apache.catalina.startup.VersionLoggerListener.log 아키텍처:          amd64
28-Nov-2023 07:49:43.297 INFO [main] org.apache.catalina.startup.VersionLoggerListener.log 자바 홈:           C:\java\jdk-11
28-Nov-2023 07:49:43.297 INFO [main] org.apache.catalina.startup.VersionLoggerListener.log JVM 버전:          11.0.0.1+3-5
28-Nov-2023 07:49:43.297 INFO [main] org.apache.catalina.startup.VersionLoggerListener.log JVM 벤더:          Oracle Corporation
28-Nov-2023 07:49:43.297 INFO [main] org.apache.catalina.startup.VersionLoggerListener.log CATALINA_BASE:     C:\Users\KimSangMin\OneDrive\바탕 화면\launch_roulette\apache-tomcat-8.5.95
28-Nov-2023 07:49:43.298 INFO [main] org.apache.catalina.startup.VersionLoggerListener.log CATALINA_HOME:     C:\Users\KimSangMin\OneDrive\바탕 화면\launch_roulette\apache-tomcat-8.5.95
28-Nov-2023 07:49:43.299 INFO [main] org.apache.catalina.startup.VersionLoggerListener.log 명령 행 아규먼트:  --add-opens=java.base/java.lang=ALL-UNNAMED
28-Nov-2023 07:49:43.300 INFO [main] org.apache.catalina.startup.VersionLoggerListener.log 명령 행 아규먼트:  --add-opens=java.base/java.io=ALL-UNNAMED
28-Nov-2023 07:49:43.301 INFO [main] org.apache.catalina.startup.VersionLoggerListener.log 명령 행 아규먼트:  --add-opens=java.base/java.util=ALL-UNNAMED
28-Nov-2023 07:49:43.302 INFO [main] org.apache.catalina.startup.VersionLoggerListener.log 명령 행 아규먼트:  --add-opens=java.base/java.util.concurrent=ALL-UNNAMED
28-Nov-2023 07:49:43.303 INFO [main] org.apache.catalina.startup.VersionLoggerListener.log 명령 행 아규먼트:  --add-opens=java.rmi/sun.rmi.transport=ALL-UNNAMED
28-Nov-2023 07:49:43.304 INFO [main] org.apache.catalina.startup.VersionLoggerListener.log 명령 행 아규먼트:  -Djava.util.logging.config.file=C:\Users\KimSangMin\OneDrive\바탕 화면\launch_roulette\apache-tomcat-8.5.95\conf\logging.properties
28-Nov-2023 07:49:43.306 INFO [main] org.apache.catalina.startup.VersionLoggerListener.log 명령 행 아규먼트:  -Djava.util.logging.manager=org.apache.juli.ClassLoaderLogManager
28-Nov-2023 07:49:43.307 INFO [main] org.apache.catalina.startup.VersionLoggerListener.log 명령 행 아규먼트:  -Djdk.tls.ephemeralDHKeySize=2048
28-Nov-2023 07:49:43.308 INFO [main] org.apache.catalina.startup.VersionLoggerListener.log 명령 행 아규먼트:  -Djava.protocol.handler.pkgs=org.apache.catalina.webresources
28-Nov-2023 07:49:43.309 INFO [main] org.apache.catalina.startup.VersionLoggerListener.log 명령 행 아규먼트:  -Dignore.endorsed.dirs=
28-Nov-2023 07:49:43.309 INFO [main] org.apache.catalina.startup.VersionLoggerListener.log 명령 행 아규먼트:  -Dcatalina.base=C:\Users\KimSangMin\OneDrive\바탕 화면\launch_roulette\apache-tomcat-8.5.95
28-Nov-2023 07:49:43.310 INFO [main] org.apache.catalina.startup.VersionLoggerListener.log 명령 행 아규먼트:  -Dcatalina.home=C:\Users\KimSangMin\OneDrive\바탕 화면\launch_roulette\apache-tomcat-8.5.95
28-Nov-2023 07:49:43.311 INFO [main] org.apache.catalina.startup.VersionLoggerListener.log 명령 행 아규먼트:  -Djava.io.tmpdir=C:\Users\KimSangMin\OneDrive\바탕 화면\launch_roulette\apache-tomcat-8.5.95\temp
28-Nov-2023 07:49:43.312 INFO [main] org.apache.catalina.core.AprLifecycleListener.lifecycleEvent APR 버전 [1.7.4]을(를) 사용한, APR 기반 Apache Tomcat Native 라이브러리 [1.2.39]을(를) 로드했습니다.
28-Nov-2023 07:49:43.316 INFO [main] org.apache.catalina.core.AprLifecycleListener.lifecycleEvent APR 용량정보들: IPv6 [true], sendfile [true], accept filters [false], random [true], UDS [{4}].
28-Nov-2023 07:49:43.317 INFO [main] org.apache.catalina.core.AprLifecycleListener.lifecycleEvent APR/OpenSSL 설정: useAprConnector [false], useOpenSSL [true]
28-Nov-2023 07:49:43.326 INFO [main] org.apache.catalina.core.AprLifecycleListener.initializeSSL OpenSSL이 성공적으로 초기화되었습니다: [OpenSSL 3.0.11 19 Sep 2023]
28-Nov-2023 07:49:43.388 INFO [main] org.apache.coyote.AbstractProtocol.init 프로토콜 핸들러 ["http-nio-8080"]을(를) 초기화합니다.
28-Nov-2023 07:49:43.424 INFO [main] org.apache.catalina.startup.Catalina.load Initialization processed in 745 ms
28-Nov-2023 07:49:43.512 INFO [main] org.apache.catalina.core.StandardService.startInternal 서비스 [Catalina]을(를) 시작합니다.
28-Nov-2023 07:49:43.517 INFO [main] org.apache.catalina.core.StandardEngine.startInternal 서버 엔진을 시작합니다: [Apache Tomcat/8.5.95]
28-Nov-2023 07:49:43.534 INFO [localhost-startStop-1] org.apache.catalina.startup.HostConfig.deployDirectory 웹 애플리케이션 디렉토리 [C:\Users\KimSangMin\OneDrive\바탕 화면\launch_roulette\apache-tomcat-8.5.95\webapps\docs]을(를) 배치합니다.
28-Nov-2023 07:49:44.503 INFO [localhost-startStop-1] org.apache.jasper.servlet.TldScanner.scanJars 적어도 하나의 JAR가 TLD들을 찾기 위해 스캔되었으나 아무 것도 찾지 못했습니다. 스캔했으나 TLD가 없는 JAR들의 전체 목록을 보시려면, 로그 레벨을 디버그 레벨로 설정하십시오. 스캔 과정에서 불필요한 JAR들을 건너뛰면, 시스템 시작 시간과 JSP 컴파일 시간을 단축시킬 수 있습니다.
28-Nov-2023 07:49:45.357 WARNING [localhost-startStop-1] org.apache.catalina.util.SessionIdGeneratorBase.createSecureRandom [SHA1PRNG] 알고리즘을 사용하여, 세션 ID를 생성하기 위한 SecureRandom 객체를 생성하는데, [819] 밀리초가 소요됐습니다.
28-Nov-2023 07:49:45.366 WARNING [localhost-startStop-1] org.apache.catalina.filters.FilterBase.init 타입이 [org.apache.catalina.filters.SetCharacterEncodingFilter]인 필터들에 프로퍼티 [forceEncoding]이(가) 정의되지 않았습니다.
28-Nov-2023 07:49:45.387 INFO [localhost-startStop-1] org.apache.catalina.startup.HostConfig.deployDirectory 웹 애플리케이션 디렉토리 [C:\Users\KimSangMin\OneDrive\바탕 화면\launch_roulette\apache-tomcat-8.5.95\webapps\docs]에 대한 배치가 [1,853] 밀리초에 완료되었습니다.
28-Nov-2023 07:49:45.389 INFO [localhost-startStop-1] org.apache.catalina.startup.HostConfig.deployDirectory 웹 애플리케이션 디렉토리 [C:\Users\KimSangMin\OneDrive\바탕 화면\launch_roulette\apache-tomcat-8.5.95\webapps\examples]을(를) 배치합니다.
28-Nov-2023 07:49:46.115 INFO [localhost-startStop-1] org.apache.jasper.servlet.TldScanner.scanJars 적어도 하나의 JAR가 TLD들을 찾기 위해 스캔되었으나 아무 것도 찾지 못했습니다. 스캔했으나 TLD가 없는 JAR들의 전체 목록을 보시려면, 로그 레벨을 디버그 레벨로 설정하십시오. 스캔 과정에서 불필요한 JAR들을 건너뛰면, 시스템 시작 시간과 JSP 컴파일 시간을 단축시킬 수 있습니다.
28-Nov-2023 07:49:46.188 WARNING [localhost-startStop-1] org.apache.catalina.filters.FilterBase.init 타입이 [org.apache.catalina.filters.SetCharacterEncodingFilter]인 필터들에 프로퍼티 [forceEncoding]이(가) 정의되지 않았습니다.
28-Nov-2023 07:49:46.200 INFO [localhost-startStop-1] org.apache.catalina.startup.HostConfig.deployDirectory 웹 애플리케이션 디렉토리 [C:\Users\KimSangMin\OneDrive\바탕 화면\launch_roulette\apache-tomcat-8.5.95\webapps\examples]에 대한 배치가 [810] 밀리초에 완료되었습니다.
28-Nov-2023 07:49:46.202 INFO [localhost-startStop-1] org.apache.catalina.startup.HostConfig.deployDirectory 웹 애플리케이션 디렉토리 [C:\Users\KimSangMin\OneDrive\바탕 화면\launch_roulette\apache-tomcat-8.5.95\webapps\host-manager]을(를) 배치합니다.
28-Nov-2023 07:49:46.663 INFO [localhost-startStop-1] org.apache.jasper.servlet.TldScanner.scanJars 적어도 하나의 JAR가 TLD들을 찾기 위해 스캔되었으나 아무 것도 찾지 못했습니다. 스캔했으나 TLD가 없는 JAR들의 전체 목록을 보시려면, 로그 레벨을 디버그 레벨로 설정하십시오. 스캔 과정에서 불필요한 JAR들을 건너뛰면, 시스템 시작 시간과 JSP 컴파일 시간을 단축시킬 수 있습니다.
28-Nov-2023 07:49:46.666 WARNING [localhost-startStop-1] org.apache.catalina.filters.FilterBase.init 타입이 [org.apache.catalina.filters.SetCharacterEncodingFilter]인 필터들에 프로퍼티 [forceEncoding]이(가) 정의되지 않았습니다.
28-Nov-2023 07:49:46.676 INFO [localhost-startStop-1] org.apache.catalina.startup.HostConfig.deployDirectory 웹 애플리케이션 디렉토리 [C:\Users\KimSangMin\OneDrive\바탕 화면\launch_roulette\apache-tomcat-8.5.95\webapps\host-manager]에 대한 배치가 [475] 밀리초에 완료되었습니다.
28-Nov-2023 07:49:46.678 INFO [localhost-startStop-1] org.apache.catalina.startup.HostConfig.deployDirectory 웹 애플리케이션 디렉토리 [C:\Users\KimSangMin\OneDrive\바탕 화면\launch_roulette\apache-tomcat-8.5.95\webapps\manager]을(를) 배치합니다.
28-Nov-2023 07:49:47.069 INFO [localhost-startStop-1] org.apache.jasper.servlet.TldScanner.scanJars 적어도 하나의 JAR가 TLD들을 찾기 위해 스캔되었으나 아무 것도 찾지 못했습니다. 스캔했으나 TLD가 없는 JAR들의 전체 목록을 보시려면, 로그 레벨을 디버그 레벨로 설정하십시오. 스캔 과정에서 불필요한 JAR들을 건너뛰면, 시스템 시작 시간과 JSP 컴파일 시간을 단축시킬 수 있습니다.
28-Nov-2023 07:49:47.075 WARNING [localhost-startStop-1] org.apache.catalina.filters.FilterBase.init 타입이 [org.apache.catalina.filters.SetCharacterEncodingFilter]인 필터들에 프로퍼티 [forceEncoding]이(가) 정의되지 않았습니다.
28-Nov-2023 07:49:47.079 INFO [localhost-startStop-1] org.apache.catalina.startup.HostConfig.deployDirectory 웹 애플리케이션 디렉토리 [C:\Users\KimSangMin\OneDrive\바탕 화면\launch_roulette\apache-tomcat-8.5.95\webapps\manager]에 대한 배치가 [401] 밀리초에 완료되었습니다.
28-Nov-2023 07:49:47.080 INFO [localhost-startStop-1] org.apache.catalina.startup.HostConfig.deployDirectory 웹 애플리케이션 디렉토리 [C:\Users\KimSangMin\OneDrive\바탕 화면\launch_roulette\apache-tomcat-8.5.95\webapps\ROOT]을(를) 배치합니다.
28-Nov-2023 07:49:47.457 INFO [localhost-startStop-1] org.apache.jasper.servlet.TldScanner.scanJars 적어도 하나의 JAR가 TLD들을 찾기 위해 스캔되었으나 아무 것도 찾지 못했습니다. 스캔했으나 TLD가 없는 JAR들의 전체 목록을 보시려면, 로그 레벨을 디버그 레벨로 설정하십시오. 스캔 과정에서 불필요한 JAR들을 건너뛰면, 시스템 시작 시간과 JSP 컴파일 시간을 단축시킬 수 있습니다.
28-Nov-2023 07:49:47.489 WARNING [localhost-startStop-1] org.apache.catalina.filters.FilterBase.init 타입이 [org.apache.catalina.filters.SetCharacterEncodingFilter]인 필터들에 프로퍼티 [forceEncoding]이(가) 정의되지 않았습니다.
28-Nov-2023 07:49:47.498 INFO [localhost-startStop-1] org.apache.catalina.startup.HostConfig.deployDirectory 웹 애플리케이션 디렉토리 [C:\Users\KimSangMin\OneDrive\바탕 화면\launch_roulette\apache-tomcat-8.5.95\webapps\ROOT]에 대한 배치가 [418] 밀리초에 완료되었습니다.
28-Nov-2023 07:49:47.505 INFO [main] org.apache.coyote.AbstractProtocol.start 프로토콜 핸들러 ["http-nio-8080"]을(를) 시작합니다.
28-Nov-2023 07:49:48.595 INFO [main] org.apache.catalina.startup.Catalina.start Server startup in 5169 ms
