27-Nov-2023 11:34:52.046 INFO [main] org.apache.catalina.startup.VersionLoggerListener.log 서버 버전 이름:    Apache Tomcat/8.5.95
27-Nov-2023 11:34:52.049 INFO [main] org.apache.catalina.startup.VersionLoggerListener.log Server 빌드 시각:  Oct 12 2023 00:55:53 UTC
27-Nov-2023 11:34:52.050 INFO [main] org.apache.catalina.startup.VersionLoggerListener.log Server 버전 번호:  8.5.95.0
27-Nov-2023 11:34:52.050 INFO [main] org.apache.catalina.startup.VersionLoggerListener.log 운영체제 이름:     Windows 10
27-Nov-2023 11:34:52.051 INFO [main] org.apache.catalina.startup.VersionLoggerListener.log 운영체제 버전:     10.0
27-Nov-2023 11:34:52.051 INFO [main] org.apache.catalina.startup.VersionLoggerListener.log 아키텍처:          amd64
27-Nov-2023 11:34:52.051 INFO [main] org.apache.catalina.startup.VersionLoggerListener.log 자바 홈:           C:\java\jdk-11
27-Nov-2023 11:34:52.051 INFO [main] org.apache.catalina.startup.VersionLoggerListener.log JVM 버전:          11.0.0.1+3-5
27-Nov-2023 11:34:52.052 INFO [main] org.apache.catalina.startup.VersionLoggerListener.log JVM 벤더:          Oracle Corporation
27-Nov-2023 11:34:52.052 INFO [main] org.apache.catalina.startup.VersionLoggerListener.log CATALINA_BASE:     C:\Users\KimSangMin\OneDrive\바탕 화면\launch_roulette\apache-tomcat-8.5.95
27-Nov-2023 11:34:52.052 INFO [main] org.apache.catalina.startup.VersionLoggerListener.log CATALINA_HOME:     C:\Users\KimSangMin\OneDrive\바탕 화면\launch_roulette\apache-tomcat-8.5.95
27-Nov-2023 11:34:52.054 INFO [main] org.apache.catalina.startup.VersionLoggerListener.log 명령 행 아규먼트:  --add-opens=java.base/java.lang=ALL-UNNAMED
27-Nov-2023 11:34:52.055 INFO [main] org.apache.catalina.startup.VersionLoggerListener.log 명령 행 아규먼트:  --add-opens=java.base/java.io=ALL-UNNAMED
27-Nov-2023 11:34:52.056 INFO [main] org.apache.catalina.startup.VersionLoggerListener.log 명령 행 아규먼트:  --add-opens=java.base/java.util=ALL-UNNAMED
27-Nov-2023 11:34:52.057 INFO [main] org.apache.catalina.startup.VersionLoggerListener.log 명령 행 아규먼트:  --add-opens=java.base/java.util.concurrent=ALL-UNNAMED
27-Nov-2023 11:34:52.057 INFO [main] org.apache.catalina.startup.VersionLoggerListener.log 명령 행 아규먼트:  --add-opens=java.rmi/sun.rmi.transport=ALL-UNNAMED
27-Nov-2023 11:34:52.058 INFO [main] org.apache.catalina.startup.VersionLoggerListener.log 명령 행 아규먼트:  -Djava.util.logging.config.file=C:\Users\KimSangMin\OneDrive\바탕 화면\launch_roulette\apache-tomcat-8.5.95\conf\logging.properties
27-Nov-2023 11:34:52.063 INFO [main] org.apache.catalina.startup.VersionLoggerListener.log 명령 행 아규먼트:  -Djava.util.logging.manager=org.apache.juli.ClassLoaderLogManager
27-Nov-2023 11:34:52.064 INFO [main] org.apache.catalina.startup.VersionLoggerListener.log 명령 행 아규먼트:  -Djdk.tls.ephemeralDHKeySize=2048
27-Nov-2023 11:34:52.065 INFO [main] org.apache.catalina.startup.VersionLoggerListener.log 명령 행 아규먼트:  -Djava.protocol.handler.pkgs=org.apache.catalina.webresources
27-Nov-2023 11:34:52.065 INFO [main] org.apache.catalina.startup.VersionLoggerListener.log 명령 행 아규먼트:  -Dignore.endorsed.dirs=
27-Nov-2023 11:34:52.066 INFO [main] org.apache.catalina.startup.VersionLoggerListener.log 명령 행 아규먼트:  -Dcatalina.base=C:\Users\KimSangMin\OneDrive\바탕 화면\launch_roulette\apache-tomcat-8.5.95
27-Nov-2023 11:34:52.067 INFO [main] org.apache.catalina.startup.VersionLoggerListener.log 명령 행 아규먼트:  -Dcatalina.home=C:\Users\KimSangMin\OneDrive\바탕 화면\launch_roulette\apache-tomcat-8.5.95
27-Nov-2023 11:34:52.068 INFO [main] org.apache.catalina.startup.VersionLoggerListener.log 명령 행 아규먼트:  -Djava.io.tmpdir=C:\Users\KimSangMin\OneDrive\바탕 화면\launch_roulette\apache-tomcat-8.5.95\temp
27-Nov-2023 11:34:52.069 INFO [main] org.apache.catalina.core.AprLifecycleListener.lifecycleEvent APR 버전 [1.7.4]을(를) 사용한, APR 기반 Apache Tomcat Native 라이브러리 [1.2.39]을(를) 로드했습니다.
27-Nov-2023 11:34:52.071 INFO [main] org.apache.catalina.core.AprLifecycleListener.lifecycleEvent APR 용량정보들: IPv6 [true], sendfile [true], accept filters [false], random [true], UDS [{4}].
27-Nov-2023 11:34:52.073 INFO [main] org.apache.catalina.core.AprLifecycleListener.lifecycleEvent APR/OpenSSL 설정: useAprConnector [false], useOpenSSL [true]
27-Nov-2023 11:34:52.080 INFO [main] org.apache.catalina.core.AprLifecycleListener.initializeSSL OpenSSL이 성공적으로 초기화되었습니다: [OpenSSL 3.0.11 19 Sep 2023]
27-Nov-2023 11:34:52.136 INFO [main] org.apache.coyote.AbstractProtocol.init 프로토콜 핸들러 ["http-nio-8080"]을(를) 초기화합니다.
27-Nov-2023 11:34:52.166 INFO [main] org.apache.catalina.startup.Catalina.load Initialization processed in 664 ms
27-Nov-2023 11:34:52.229 INFO [main] org.apache.catalina.core.StandardService.startInternal 서비스 [Catalina]을(를) 시작합니다.
27-Nov-2023 11:34:52.231 INFO [main] org.apache.catalina.core.StandardEngine.startInternal 서버 엔진을 시작합니다: [Apache Tomcat/8.5.95]
27-Nov-2023 11:34:52.249 INFO [localhost-startStop-1] org.apache.catalina.startup.HostConfig.deployDirectory 웹 애플리케이션 디렉토리 [C:\Users\KimSangMin\OneDrive\바탕 화면\launch_roulette\apache-tomcat-8.5.95\webapps\docs]을(를) 배치합니다.
27-Nov-2023 11:34:53.430 WARNING [localhost-startStop-1] org.apache.catalina.util.SessionIdGeneratorBase.createSecureRandom [SHA1PRNG] 알고리즘을 사용하여, 세션 ID를 생성하기 위한 SecureRandom 객체를 생성하는데, [839] 밀리초가 소요됐습니다.
27-Nov-2023 11:34:53.458 INFO [localhost-startStop-1] org.apache.catalina.startup.HostConfig.deployDirectory 웹 애플리케이션 디렉토리 [C:\Users\KimSangMin\OneDrive\바탕 화면\launch_roulette\apache-tomcat-8.5.95\webapps\docs]에 대한 배치가 [1,209] 밀리초에 완료되었습니다.
27-Nov-2023 11:34:53.465 INFO [localhost-startStop-1] org.apache.catalina.startup.HostConfig.deployDirectory 웹 애플리케이션 디렉토리 [C:\Users\KimSangMin\OneDrive\바탕 화면\launch_roulette\apache-tomcat-8.5.95\webapps\examples]을(를) 배치합니다.
27-Nov-2023 11:34:53.929 INFO [localhost-startStop-1] org.apache.catalina.startup.HostConfig.deployDirectory 웹 애플리케이션 디렉토리 [C:\Users\KimSangMin\OneDrive\바탕 화면\launch_roulette\apache-tomcat-8.5.95\webapps\examples]에 대한 배치가 [465] 밀리초에 완료되었습니다.
27-Nov-2023 11:34:53.935 INFO [localhost-startStop-1] org.apache.catalina.startup.HostConfig.deployDirectory 웹 애플리케이션 디렉토리 [C:\Users\KimSangMin\OneDrive\바탕 화면\launch_roulette\apache-tomcat-8.5.95\webapps\host-manager]을(를) 배치합니다.
27-Nov-2023 11:34:53.990 INFO [localhost-startStop-1] org.apache.catalina.startup.HostConfig.deployDirectory 웹 애플리케이션 디렉토리 [C:\Users\KimSangMin\OneDrive\바탕 화면\launch_roulette\apache-tomcat-8.5.95\webapps\host-manager]에 대한 배치가 [55] 밀리초에 완료되었습니다.
27-Nov-2023 11:34:53.994 INFO [localhost-startStop-1] org.apache.catalina.startup.HostConfig.deployDirectory 웹 애플리케이션 디렉토리 [C:\Users\KimSangMin\OneDrive\바탕 화면\launch_roulette\apache-tomcat-8.5.95\webapps\manager]을(를) 배치합니다.
27-Nov-2023 11:34:54.039 INFO [localhost-startStop-1] org.apache.catalina.startup.HostConfig.deployDirectory 웹 애플리케이션 디렉토리 [C:\Users\KimSangMin\OneDrive\바탕 화면\launch_roulette\apache-tomcat-8.5.95\webapps\manager]에 대한 배치가 [45] 밀리초에 완료되었습니다.
27-Nov-2023 11:34:54.048 INFO [localhost-startStop-1] org.apache.catalina.startup.HostConfig.deployDirectory 웹 애플리케이션 디렉토리 [C:\Users\KimSangMin\OneDrive\바탕 화면\launch_roulette\apache-tomcat-8.5.95\webapps\ROOT]을(를) 배치합니다.
27-Nov-2023 11:34:54.084 INFO [localhost-startStop-1] org.apache.catalina.startup.HostConfig.deployDirectory 웹 애플리케이션 디렉토리 [C:\Users\KimSangMin\OneDrive\바탕 화면\launch_roulette\apache-tomcat-8.5.95\webapps\ROOT]에 대한 배치가 [36] 밀리초에 완료되었습니다.
27-Nov-2023 11:34:54.094 INFO [main] org.apache.coyote.AbstractProtocol.start 프로토콜 핸들러 ["http-nio-8080"]을(를) 시작합니다.
27-Nov-2023 11:34:55.116 INFO [main] org.apache.catalina.startup.Catalina.start Server startup in 2948 ms
27-Nov-2023 11:37:04.273 INFO [ContainerBackgroundProcessor[StandardEngine[Catalina]]] org.apache.catalina.startup.HostConfig.reload 컨텍스트 []을(를) 다시 로드합니다.
27-Nov-2023 11:37:04.279 INFO [ContainerBackgroundProcessor[StandardEngine[Catalina]]] org.apache.catalina.core.StandardContext.reload 이름이 []인 컨텍스트를 다시 로드하는 작업이 시작되었습니다.
27-Nov-2023 11:37:04.324 INFO [ContainerBackgroundProcessor[StandardEngine[Catalina]]] org.apache.catalina.core.StandardContext.reload 이름이 []인 컨텍스트를 다시 로드하는 것을 완료했습니다.
27-Nov-2023 11:47:10.184 INFO [main] org.apache.catalina.core.StandardServer.await 셧다운 포트를 통해 유효한 셧다운 명령을 받았습니다. 서버 인스턴스를 중지시킵니다.
27-Nov-2023 11:47:10.186 INFO [main] org.apache.coyote.AbstractProtocol.pause 프로토콜 핸들러 ["http-nio-8080"]을(를) 일시 정지 중
27-Nov-2023 11:47:12.337 INFO [main] org.apache.catalina.core.StandardService.stopInternal 서비스 [Catalina]을(를) 중지시킵니다.
27-Nov-2023 11:47:12.429 INFO [main] org.apache.coyote.AbstractProtocol.stop 프로토콜 핸들러 ["http-nio-8080"]을(를) 중지시킵니다.
27-Nov-2023 11:47:12.450 INFO [main] org.apache.coyote.AbstractProtocol.destroy 프로토콜 핸들러 ["http-nio-8080"]을(를) 소멸시킵니다.
27-Nov-2023 18:50:13.117 INFO [main] org.apache.catalina.startup.VersionLoggerListener.log 서버 버전 이름:    Apache Tomcat/8.5.95
27-Nov-2023 18:50:13.124 INFO [main] org.apache.catalina.startup.VersionLoggerListener.log Server 빌드 시각:  Oct 12 2023 00:55:53 UTC
27-Nov-2023 18:50:13.125 INFO [main] org.apache.catalina.startup.VersionLoggerListener.log Server 버전 번호:  8.5.95.0
27-Nov-2023 18:50:13.125 INFO [main] org.apache.catalina.startup.VersionLoggerListener.log 운영체제 이름:     Windows 10
27-Nov-2023 18:50:13.125 INFO [main] org.apache.catalina.startup.VersionLoggerListener.log 운영체제 버전:     10.0
27-Nov-2023 18:50:13.126 INFO [main] org.apache.catalina.startup.VersionLoggerListener.log 아키텍처:          amd64
27-Nov-2023 18:50:13.126 INFO [main] org.apache.catalina.startup.VersionLoggerListener.log 자바 홈:           C:\java\jdk-11
27-Nov-2023 18:50:13.126 INFO [main] org.apache.catalina.startup.VersionLoggerListener.log JVM 버전:          11.0.0.1+3-5
27-Nov-2023 18:50:13.127 INFO [main] org.apache.catalina.startup.VersionLoggerListener.log JVM 벤더:          Oracle Corporation
27-Nov-2023 18:50:13.127 INFO [main] org.apache.catalina.startup.VersionLoggerListener.log CATALINA_BASE:     C:\Users\KimSangMin\OneDrive\바탕 화면\launch_roulette\apache-tomcat-8.5.95
27-Nov-2023 18:50:13.127 INFO [main] org.apache.catalina.startup.VersionLoggerListener.log CATALINA_HOME:     C:\Users\KimSangMin\OneDrive\바탕 화면\launch_roulette\apache-tomcat-8.5.95
27-Nov-2023 18:50:13.128 INFO [main] org.apache.catalina.startup.VersionLoggerListener.log 명령 행 아규먼트:  --add-opens=java.base/java.lang=ALL-UNNAMED
27-Nov-2023 18:50:13.129 INFO [main] org.apache.catalina.startup.VersionLoggerListener.log 명령 행 아규먼트:  --add-opens=java.base/java.io=ALL-UNNAMED
27-Nov-2023 18:50:13.130 INFO [main] org.apache.catalina.startup.VersionLoggerListener.log 명령 행 아규먼트:  --add-opens=java.base/java.util=ALL-UNNAMED
27-Nov-2023 18:50:13.132 INFO [main] org.apache.catalina.startup.VersionLoggerListener.log 명령 행 아규먼트:  --add-opens=java.base/java.util.concurrent=ALL-UNNAMED
27-Nov-2023 18:50:13.132 INFO [main] org.apache.catalina.startup.VersionLoggerListener.log 명령 행 아규먼트:  --add-opens=java.rmi/sun.rmi.transport=ALL-UNNAMED
27-Nov-2023 18:50:13.133 INFO [main] org.apache.catalina.startup.VersionLoggerListener.log 명령 행 아규먼트:  -Djava.util.logging.config.file=C:\Users\KimSangMin\OneDrive\바탕 화면\launch_roulette\apache-tomcat-8.5.95\conf\logging.properties
27-Nov-2023 18:50:13.134 INFO [main] org.apache.catalina.startup.VersionLoggerListener.log 명령 행 아규먼트:  -Djava.util.logging.manager=org.apache.juli.ClassLoaderLogManager
27-Nov-2023 18:50:13.135 INFO [main] org.apache.catalina.startup.VersionLoggerListener.log 명령 행 아규먼트:  -Djdk.tls.ephemeralDHKeySize=2048
27-Nov-2023 18:50:13.136 INFO [main] org.apache.catalina.startup.VersionLoggerListener.log 명령 행 아규먼트:  -Djava.protocol.handler.pkgs=org.apache.catalina.webresources
27-Nov-2023 18:50:13.137 INFO [main] org.apache.catalina.startup.VersionLoggerListener.log 명령 행 아규먼트:  -Dignore.endorsed.dirs=
27-Nov-2023 18:50:13.137 INFO [main] org.apache.catalina.startup.VersionLoggerListener.log 명령 행 아규먼트:  -Dcatalina.base=C:\Users\KimSangMin\OneDrive\바탕 화면\launch_roulette\apache-tomcat-8.5.95
27-Nov-2023 18:50:13.141 INFO [main] org.apache.catalina.startup.VersionLoggerListener.log 명령 행 아규먼트:  -Dcatalina.home=C:\Users\KimSangMin\OneDrive\바탕 화면\launch_roulette\apache-tomcat-8.5.95
27-Nov-2023 18:50:13.142 INFO [main] org.apache.catalina.startup.VersionLoggerListener.log 명령 행 아규먼트:  -Djava.io.tmpdir=C:\Users\KimSangMin\OneDrive\바탕 화면\launch_roulette\apache-tomcat-8.5.95\temp
27-Nov-2023 18:50:13.143 INFO [main] org.apache.catalina.core.AprLifecycleListener.lifecycleEvent APR 버전 [1.7.4]을(를) 사용한, APR 기반 Apache Tomcat Native 라이브러리 [1.2.39]을(를) 로드했습니다.
27-Nov-2023 18:50:13.144 INFO [main] org.apache.catalina.core.AprLifecycleListener.lifecycleEvent APR 용량정보들: IPv6 [true], sendfile [true], accept filters [false], random [true], UDS [{4}].
27-Nov-2023 18:50:13.145 INFO [main] org.apache.catalina.core.AprLifecycleListener.lifecycleEvent APR/OpenSSL 설정: useAprConnector [false], useOpenSSL [true]
27-Nov-2023 18:50:13.154 INFO [main] org.apache.catalina.core.AprLifecycleListener.initializeSSL OpenSSL이 성공적으로 초기화되었습니다: [OpenSSL 3.0.11 19 Sep 2023]
27-Nov-2023 18:50:13.210 INFO [main] org.apache.coyote.AbstractProtocol.init 프로토콜 핸들러 ["http-nio-8080"]을(를) 초기화합니다.
27-Nov-2023 18:50:13.248 INFO [main] org.apache.catalina.startup.Catalina.load Initialization processed in 650 ms
27-Nov-2023 18:50:13.312 INFO [main] org.apache.catalina.core.StandardService.startInternal 서비스 [Catalina]을(를) 시작합니다.
27-Nov-2023 18:50:13.315 INFO [main] org.apache.catalina.core.StandardEngine.startInternal 서버 엔진을 시작합니다: [Apache Tomcat/8.5.95]
27-Nov-2023 18:50:13.333 INFO [localhost-startStop-1] org.apache.catalina.startup.HostConfig.deployDirectory 웹 애플리케이션 디렉토리 [C:\Users\KimSangMin\OneDrive\바탕 화면\launch_roulette\apache-tomcat-8.5.95\webapps\docs]을(를) 배치합니다.
27-Nov-2023 18:50:14.510 WARNING [localhost-startStop-1] org.apache.catalina.util.SessionIdGeneratorBase.createSecureRandom [SHA1PRNG] 알고리즘을 사용하여, 세션 ID를 생성하기 위한 SecureRandom 객체를 생성하는데, [826] 밀리초가 소요됐습니다.
27-Nov-2023 18:50:14.547 INFO [localhost-startStop-1] org.apache.catalina.startup.HostConfig.deployDirectory 웹 애플리케이션 디렉토리 [C:\Users\KimSangMin\OneDrive\바탕 화면\launch_roulette\apache-tomcat-8.5.95\webapps\docs]에 대한 배치가 [1,214] 밀리초에 완료되었습니다.
27-Nov-2023 18:50:14.549 INFO [localhost-startStop-1] org.apache.catalina.startup.HostConfig.deployDirectory 웹 애플리케이션 디렉토리 [C:\Users\KimSangMin\OneDrive\바탕 화면\launch_roulette\apache-tomcat-8.5.95\webapps\examples]을(를) 배치합니다.
27-Nov-2023 18:50:15.000 INFO [localhost-startStop-1] org.apache.catalina.startup.HostConfig.deployDirectory 웹 애플리케이션 디렉토리 [C:\Users\KimSangMin\OneDrive\바탕 화면\launch_roulette\apache-tomcat-8.5.95\webapps\examples]에 대한 배치가 [451] 밀리초에 완료되었습니다.
27-Nov-2023 18:50:15.001 INFO [localhost-startStop-1] org.apache.catalina.startup.HostConfig.deployDirectory 웹 애플리케이션 디렉토리 [C:\Users\KimSangMin\OneDrive\바탕 화면\launch_roulette\apache-tomcat-8.5.95\webapps\host-manager]을(를) 배치합니다.
27-Nov-2023 18:50:15.050 INFO [localhost-startStop-1] org.apache.catalina.startup.HostConfig.deployDirectory 웹 애플리케이션 디렉토리 [C:\Users\KimSangMin\OneDrive\바탕 화면\launch_roulette\apache-tomcat-8.5.95\webapps\host-manager]에 대한 배치가 [49] 밀리초에 완료되었습니다.
27-Nov-2023 18:50:15.051 INFO [localhost-startStop-1] org.apache.catalina.startup.HostConfig.deployDirectory 웹 애플리케이션 디렉토리 [C:\Users\KimSangMin\OneDrive\바탕 화면\launch_roulette\apache-tomcat-8.5.95\webapps\manager]을(를) 배치합니다.
27-Nov-2023 18:50:15.091 INFO [localhost-startStop-1] org.apache.catalina.startup.HostConfig.deployDirectory 웹 애플리케이션 디렉토리 [C:\Users\KimSangMin\OneDrive\바탕 화면\launch_roulette\apache-tomcat-8.5.95\webapps\manager]에 대한 배치가 [40] 밀리초에 완료되었습니다.
27-Nov-2023 18:50:15.092 INFO [localhost-startStop-1] org.apache.catalina.startup.HostConfig.deployDirectory 웹 애플리케이션 디렉토리 [C:\Users\KimSangMin\OneDrive\바탕 화면\launch_roulette\apache-tomcat-8.5.95\webapps\ROOT]을(를) 배치합니다.
27-Nov-2023 18:50:15.133 INFO [localhost-startStop-1] org.apache.catalina.startup.HostConfig.deployDirectory 웹 애플리케이션 디렉토리 [C:\Users\KimSangMin\OneDrive\바탕 화면\launch_roulette\apache-tomcat-8.5.95\webapps\ROOT]에 대한 배치가 [41] 밀리초에 완료되었습니다.
27-Nov-2023 18:50:15.140 INFO [main] org.apache.coyote.AbstractProtocol.start 프로토콜 핸들러 ["http-nio-8080"]을(를) 시작합니다.
27-Nov-2023 18:50:15.973 INFO [main] org.apache.catalina.startup.Catalina.start Server startup in 2724 ms
27-Nov-2023 19:18:17.866 INFO [ContainerBackgroundProcessor[StandardEngine[Catalina]]] org.apache.catalina.startup.HostConfig.reload 컨텍스트 []을(를) 다시 로드합니다.
27-Nov-2023 19:18:17.867 INFO [ContainerBackgroundProcessor[StandardEngine[Catalina]]] org.apache.catalina.core.StandardContext.reload 이름이 []인 컨텍스트를 다시 로드하는 작업이 시작되었습니다.
27-Nov-2023 19:18:17.966 WARNING [ContainerBackgroundProcessor[StandardEngine[Catalina]]] org.apache.catalina.filters.FilterBase.init 타입이 [org.apache.catalina.filters.SetCharacterEncodingFilter]인 필터들에 프로퍼티 [forceEncoding]이(가) 정의되지 않았습니다.
27-Nov-2023 19:18:17.970 INFO [ContainerBackgroundProcessor[StandardEngine[Catalina]]] org.apache.catalina.core.StandardContext.reload 이름이 []인 컨텍스트를 다시 로드하는 것을 완료했습니다.
27-Nov-2023 19:18:17.972 INFO [ContainerBackgroundProcessor[StandardEngine[Catalina]]] org.apache.catalina.startup.HostConfig.reload 컨텍스트 [/examples]을(를) 다시 로드합니다.
27-Nov-2023 19:18:17.972 INFO [ContainerBackgroundProcessor[StandardEngine[Catalina]]] org.apache.catalina.core.StandardContext.reload 이름이 [/examples]인 컨텍스트를 다시 로드하는 작업이 시작되었습니다.
27-Nov-2023 19:18:18.394 WARNING [ContainerBackgroundProcessor[StandardEngine[Catalina]]] org.apache.catalina.filters.FilterBase.init 타입이 [org.apache.catalina.filters.SetCharacterEncodingFilter]인 필터들에 프로퍼티 [forceEncoding]이(가) 정의되지 않았습니다.
27-Nov-2023 19:18:18.402 INFO [ContainerBackgroundProcessor[StandardEngine[Catalina]]] org.apache.catalina.core.StandardContext.reload 이름이 [/examples]인 컨텍스트를 다시 로드하는 것을 완료했습니다.
27-Nov-2023 19:18:18.403 INFO [ContainerBackgroundProcessor[StandardEngine[Catalina]]] org.apache.catalina.startup.HostConfig.reload 컨텍스트 [/host-manager]을(를) 다시 로드합니다.
27-Nov-2023 19:18:18.404 INFO [ContainerBackgroundProcessor[StandardEngine[Catalina]]] org.apache.catalina.core.StandardContext.reload 이름이 [/host-manager]인 컨텍스트를 다시 로드하는 작업이 시작되었습니다.
27-Nov-2023 19:18:18.449 WARNING [ContainerBackgroundProcessor[StandardEngine[Catalina]]] org.apache.catalina.filters.FilterBase.init 타입이 [org.apache.catalina.filters.SetCharacterEncodingFilter]인 필터들에 프로퍼티 [forceEncoding]이(가) 정의되지 않았습니다.
27-Nov-2023 19:18:18.452 INFO [ContainerBackgroundProcessor[StandardEngine[Catalina]]] org.apache.catalina.core.StandardContext.reload 이름이 [/host-manager]인 컨텍스트를 다시 로드하는 것을 완료했습니다.
27-Nov-2023 19:18:18.453 INFO [ContainerBackgroundProcessor[StandardEngine[Catalina]]] org.apache.catalina.startup.HostConfig.reload 컨텍스트 [/manager]을(를) 다시 로드합니다.
27-Nov-2023 19:18:18.454 INFO [ContainerBackgroundProcessor[StandardEngine[Catalina]]] org.apache.catalina.core.StandardContext.reload 이름이 [/manager]인 컨텍스트를 다시 로드하는 작업이 시작되었습니다.
27-Nov-2023 19:18:18.498 WARNING [ContainerBackgroundProcessor[StandardEngine[Catalina]]] org.apache.catalina.filters.FilterBase.init 타입이 [org.apache.catalina.filters.SetCharacterEncodingFilter]인 필터들에 프로퍼티 [forceEncoding]이(가) 정의되지 않았습니다.
27-Nov-2023 19:18:18.500 INFO [ContainerBackgroundProcessor[StandardEngine[Catalina]]] org.apache.catalina.core.StandardContext.reload 이름이 [/manager]인 컨텍스트를 다시 로드하는 것을 완료했습니다.
27-Nov-2023 19:18:18.503 INFO [ContainerBackgroundProcessor[StandardEngine[Catalina]]] org.apache.catalina.startup.HostConfig.reload 컨텍스트 [/docs]을(를) 다시 로드합니다.
27-Nov-2023 19:18:18.503 INFO [ContainerBackgroundProcessor[StandardEngine[Catalina]]] org.apache.catalina.core.StandardContext.reload 이름이 [/docs]인 컨텍스트를 다시 로드하는 작업이 시작되었습니다.
27-Nov-2023 19:18:18.542 WARNING [ContainerBackgroundProcessor[StandardEngine[Catalina]]] org.apache.catalina.filters.FilterBase.init 타입이 [org.apache.catalina.filters.SetCharacterEncodingFilter]인 필터들에 프로퍼티 [forceEncoding]이(가) 정의되지 않았습니다.
27-Nov-2023 19:18:18.544 INFO [ContainerBackgroundProcessor[StandardEngine[Catalina]]] org.apache.catalina.core.StandardContext.reload 이름이 [/docs]인 컨텍스트를 다시 로드하는 것을 완료했습니다.
27-Nov-2023 19:18:35.171 INFO [main] org.apache.catalina.core.StandardServer.await 셧다운 포트를 통해 유효한 셧다운 명령을 받았습니다. 서버 인스턴스를 중지시킵니다.
27-Nov-2023 19:18:35.172 INFO [main] org.apache.coyote.AbstractProtocol.pause 프로토콜 핸들러 ["http-nio-8080"]을(를) 일시 정지 중
27-Nov-2023 19:18:36.075 INFO [main] org.apache.catalina.core.StandardService.stopInternal 서비스 [Catalina]을(를) 중지시킵니다.
27-Nov-2023 19:18:36.098 INFO [main] org.apache.coyote.AbstractProtocol.stop 프로토콜 핸들러 ["http-nio-8080"]을(를) 중지시킵니다.
27-Nov-2023 19:18:36.122 INFO [main] org.apache.coyote.AbstractProtocol.destroy 프로토콜 핸들러 ["http-nio-8080"]을(를) 소멸시킵니다.
27-Nov-2023 19:18:39.265 INFO [main] org.apache.catalina.startup.VersionLoggerListener.log 서버 버전 이름:    Apache Tomcat/8.5.95
27-Nov-2023 19:18:39.273 INFO [main] org.apache.catalina.startup.VersionLoggerListener.log Server 빌드 시각:  Oct 12 2023 00:55:53 UTC
27-Nov-2023 19:18:39.277 INFO [main] org.apache.catalina.startup.VersionLoggerListener.log Server 버전 번호:  8.5.95.0
27-Nov-2023 19:18:39.278 INFO [main] org.apache.catalina.startup.VersionLoggerListener.log 운영체제 이름:     Windows 10
27-Nov-2023 19:18:39.278 INFO [main] org.apache.catalina.startup.VersionLoggerListener.log 운영체제 버전:     10.0
27-Nov-2023 19:18:39.278 INFO [main] org.apache.catalina.startup.VersionLoggerListener.log 아키텍처:          amd64
27-Nov-2023 19:18:39.279 INFO [main] org.apache.catalina.startup.VersionLoggerListener.log 자바 홈:           C:\java\jdk-11
27-Nov-2023 19:18:39.279 INFO [main] org.apache.catalina.startup.VersionLoggerListener.log JVM 버전:          11.0.0.1+3-5
27-Nov-2023 19:18:39.279 INFO [main] org.apache.catalina.startup.VersionLoggerListener.log JVM 벤더:          Oracle Corporation
27-Nov-2023 19:18:39.279 INFO [main] org.apache.catalina.startup.VersionLoggerListener.log CATALINA_BASE:     C:\Users\KimSangMin\OneDrive\바탕 화면\launch_roulette\apache-tomcat-8.5.95
27-Nov-2023 19:18:39.280 INFO [main] org.apache.catalina.startup.VersionLoggerListener.log CATALINA_HOME:     C:\Users\KimSangMin\OneDrive\바탕 화면\launch_roulette\apache-tomcat-8.5.95
27-Nov-2023 19:18:39.281 INFO [main] org.apache.catalina.startup.VersionLoggerListener.log 명령 행 아규먼트:  --add-opens=java.base/java.lang=ALL-UNNAMED
27-Nov-2023 19:18:39.282 INFO [main] org.apache.catalina.startup.VersionLoggerListener.log 명령 행 아규먼트:  --add-opens=java.base/java.io=ALL-UNNAMED
27-Nov-2023 19:18:39.283 INFO [main] org.apache.catalina.startup.VersionLoggerListener.log 명령 행 아규먼트:  --add-opens=java.base/java.util=ALL-UNNAMED
27-Nov-2023 19:18:39.284 INFO [main] org.apache.catalina.startup.VersionLoggerListener.log 명령 행 아규먼트:  --add-opens=java.base/java.util.concurrent=ALL-UNNAMED
27-Nov-2023 19:18:39.285 INFO [main] org.apache.catalina.startup.VersionLoggerListener.log 명령 행 아규먼트:  --add-opens=java.rmi/sun.rmi.transport=ALL-UNNAMED
27-Nov-2023 19:18:39.286 INFO [main] org.apache.catalina.startup.VersionLoggerListener.log 명령 행 아규먼트:  -Djava.util.logging.config.file=C:\Users\KimSangMin\OneDrive\바탕 화면\launch_roulette\apache-tomcat-8.5.95\conf\logging.properties
27-Nov-2023 19:18:39.287 INFO [main] org.apache.catalina.startup.VersionLoggerListener.log 명령 행 아규먼트:  -Djava.util.logging.manager=org.apache.juli.ClassLoaderLogManager
27-Nov-2023 19:18:39.287 INFO [main] org.apache.catalina.startup.VersionLoggerListener.log 명령 행 아규먼트:  -Djdk.tls.ephemeralDHKeySize=2048
27-Nov-2023 19:18:39.288 INFO [main] org.apache.catalina.startup.VersionLoggerListener.log 명령 행 아규먼트:  -Djava.protocol.handler.pkgs=org.apache.catalina.webresources
27-Nov-2023 19:18:39.289 INFO [main] org.apache.catalina.startup.VersionLoggerListener.log 명령 행 아규먼트:  -Dignore.endorsed.dirs=
27-Nov-2023 19:18:39.289 INFO [main] org.apache.catalina.startup.VersionLoggerListener.log 명령 행 아규먼트:  -Dcatalina.base=C:\Users\KimSangMin\OneDrive\바탕 화면\launch_roulette\apache-tomcat-8.5.95
27-Nov-2023 19:18:39.290 INFO [main] org.apache.catalina.startup.VersionLoggerListener.log 명령 행 아규먼트:  -Dcatalina.home=C:\Users\KimSangMin\OneDrive\바탕 화면\launch_roulette\apache-tomcat-8.5.95
27-Nov-2023 19:18:39.291 INFO [main] org.apache.catalina.startup.VersionLoggerListener.log 명령 행 아규먼트:  -Djava.io.tmpdir=C:\Users\KimSangMin\OneDrive\바탕 화면\launch_roulette\apache-tomcat-8.5.95\temp
27-Nov-2023 19:18:39.291 INFO [main] org.apache.catalina.core.AprLifecycleListener.lifecycleEvent APR 버전 [1.7.4]을(를) 사용한, APR 기반 Apache Tomcat Native 라이브러리 [1.2.39]을(를) 로드했습니다.
27-Nov-2023 19:18:39.295 INFO [main] org.apache.catalina.core.AprLifecycleListener.lifecycleEvent APR 용량정보들: IPv6 [true], sendfile [true], accept filters [false], random [true], UDS [{4}].
27-Nov-2023 19:18:39.296 INFO [main] org.apache.catalina.core.AprLifecycleListener.lifecycleEvent APR/OpenSSL 설정: useAprConnector [false], useOpenSSL [true]
27-Nov-2023 19:18:39.308 INFO [main] org.apache.catalina.core.AprLifecycleListener.initializeSSL OpenSSL이 성공적으로 초기화되었습니다: [OpenSSL 3.0.11 19 Sep 2023]
27-Nov-2023 19:18:39.372 INFO [main] org.apache.coyote.AbstractProtocol.init 프로토콜 핸들러 ["http-nio-8080"]을(를) 초기화합니다.
27-Nov-2023 19:18:39.406 INFO [main] org.apache.catalina.startup.Catalina.load Initialization processed in 739 ms
27-Nov-2023 19:18:39.481 INFO [main] org.apache.catalina.core.StandardService.startInternal 서비스 [Catalina]을(를) 시작합니다.
27-Nov-2023 19:18:39.485 INFO [main] org.apache.catalina.core.StandardEngine.startInternal 서버 엔진을 시작합니다: [Apache Tomcat/8.5.95]
27-Nov-2023 19:18:39.504 INFO [localhost-startStop-1] org.apache.catalina.startup.HostConfig.deployDirectory 웹 애플리케이션 디렉토리 [C:\Users\KimSangMin\OneDrive\바탕 화면\launch_roulette\apache-tomcat-8.5.95\webapps\docs]을(를) 배치합니다.
27-Nov-2023 19:18:40.723 WARNING [localhost-startStop-1] org.apache.catalina.util.SessionIdGeneratorBase.createSecureRandom [SHA1PRNG] 알고리즘을 사용하여, 세션 ID를 생성하기 위한 SecureRandom 객체를 생성하는데, [831] 밀리초가 소요됐습니다.
27-Nov-2023 19:18:40.736 WARNING [localhost-startStop-1] org.apache.catalina.filters.FilterBase.init 타입이 [org.apache.catalina.filters.SetCharacterEncodingFilter]인 필터들에 프로퍼티 [forceEncoding]이(가) 정의되지 않았습니다.
27-Nov-2023 19:18:40.763 INFO [localhost-startStop-1] org.apache.catalina.startup.HostConfig.deployDirectory 웹 애플리케이션 디렉토리 [C:\Users\KimSangMin\OneDrive\바탕 화면\launch_roulette\apache-tomcat-8.5.95\webapps\docs]에 대한 배치가 [1,259] 밀리초에 완료되었습니다.
27-Nov-2023 19:18:40.768 INFO [localhost-startStop-1] org.apache.catalina.startup.HostConfig.deployDirectory 웹 애플리케이션 디렉토리 [C:\Users\KimSangMin\OneDrive\바탕 화면\launch_roulette\apache-tomcat-8.5.95\webapps\examples]을(를) 배치합니다.
27-Nov-2023 19:18:41.266 WARNING [localhost-startStop-1] org.apache.catalina.filters.FilterBase.init 타입이 [org.apache.catalina.filters.SetCharacterEncodingFilter]인 필터들에 프로퍼티 [forceEncoding]이(가) 정의되지 않았습니다.
27-Nov-2023 19:18:41.277 INFO [localhost-startStop-1] org.apache.catalina.startup.HostConfig.deployDirectory 웹 애플리케이션 디렉토리 [C:\Users\KimSangMin\OneDrive\바탕 화면\launch_roulette\apache-tomcat-8.5.95\webapps\examples]에 대한 배치가 [509] 밀리초에 완료되었습니다.
27-Nov-2023 19:18:41.279 INFO [localhost-startStop-1] org.apache.catalina.startup.HostConfig.deployDirectory 웹 애플리케이션 디렉토리 [C:\Users\KimSangMin\OneDrive\바탕 화면\launch_roulette\apache-tomcat-8.5.95\webapps\host-manager]을(를) 배치합니다.
27-Nov-2023 19:18:41.320 WARNING [localhost-startStop-1] org.apache.catalina.filters.FilterBase.init 타입이 [org.apache.catalina.filters.SetCharacterEncodingFilter]인 필터들에 프로퍼티 [forceEncoding]이(가) 정의되지 않았습니다.
27-Nov-2023 19:18:41.329 INFO [localhost-startStop-1] org.apache.catalina.startup.HostConfig.deployDirectory 웹 애플리케이션 디렉토리 [C:\Users\KimSangMin\OneDrive\바탕 화면\launch_roulette\apache-tomcat-8.5.95\webapps\host-manager]에 대한 배치가 [49] 밀리초에 완료되었습니다.
27-Nov-2023 19:18:41.329 INFO [localhost-startStop-1] org.apache.catalina.startup.HostConfig.deployDirectory 웹 애플리케이션 디렉토리 [C:\Users\KimSangMin\OneDrive\바탕 화면\launch_roulette\apache-tomcat-8.5.95\webapps\manager]을(를) 배치합니다.
27-Nov-2023 19:18:41.374 WARNING [localhost-startStop-1] org.apache.catalina.filters.FilterBase.init 타입이 [org.apache.catalina.filters.SetCharacterEncodingFilter]인 필터들에 프로퍼티 [forceEncoding]이(가) 정의되지 않았습니다.
27-Nov-2023 19:18:41.379 INFO [localhost-startStop-1] org.apache.catalina.startup.HostConfig.deployDirectory 웹 애플리케이션 디렉토리 [C:\Users\KimSangMin\OneDrive\바탕 화면\launch_roulette\apache-tomcat-8.5.95\webapps\manager]에 대한 배치가 [50] 밀리초에 완료되었습니다.
27-Nov-2023 19:18:41.380 INFO [localhost-startStop-1] org.apache.catalina.startup.HostConfig.deployDirectory 웹 애플리케이션 디렉토리 [C:\Users\KimSangMin\OneDrive\바탕 화면\launch_roulette\apache-tomcat-8.5.95\webapps\ROOT]을(를) 배치합니다.
27-Nov-2023 19:18:41.440 WARNING [localhost-startStop-1] org.apache.catalina.filters.FilterBase.init 타입이 [org.apache.catalina.filters.SetCharacterEncodingFilter]인 필터들에 프로퍼티 [forceEncoding]이(가) 정의되지 않았습니다.
27-Nov-2023 19:18:41.445 INFO [localhost-startStop-1] org.apache.catalina.startup.HostConfig.deployDirectory 웹 애플리케이션 디렉토리 [C:\Users\KimSangMin\OneDrive\바탕 화면\launch_roulette\apache-tomcat-8.5.95\webapps\ROOT]에 대한 배치가 [65] 밀리초에 완료되었습니다.
27-Nov-2023 19:18:41.450 INFO [main] org.apache.coyote.AbstractProtocol.start 프로토콜 핸들러 ["http-nio-8080"]을(를) 시작합니다.
27-Nov-2023 19:18:42.272 INFO [main] org.apache.catalina.startup.Catalina.start Server startup in 2864 ms
27-Nov-2023 19:54:54.870 INFO [main] org.apache.catalina.core.StandardServer.await 셧다운 포트를 통해 유효한 셧다운 명령을 받았습니다. 서버 인스턴스를 중지시킵니다.
27-Nov-2023 19:54:54.872 INFO [main] org.apache.coyote.AbstractProtocol.pause 프로토콜 핸들러 ["http-nio-8080"]을(를) 일시 정지 중
27-Nov-2023 19:54:55.693 INFO [main] org.apache.catalina.core.StandardService.stopInternal 서비스 [Catalina]을(를) 중지시킵니다.
27-Nov-2023 19:54:55.731 INFO [main] org.apache.coyote.AbstractProtocol.stop 프로토콜 핸들러 ["http-nio-8080"]을(를) 중지시킵니다.
27-Nov-2023 19:54:55.746 INFO [main] org.apache.coyote.AbstractProtocol.destroy 프로토콜 핸들러 ["http-nio-8080"]을(를) 소멸시킵니다.
27-Nov-2023 19:54:59.073 INFO [main] org.apache.catalina.startup.VersionLoggerListener.log 서버 버전 이름:    Apache Tomcat/8.5.95
27-Nov-2023 19:54:59.080 INFO [main] org.apache.catalina.startup.VersionLoggerListener.log Server 빌드 시각:  Oct 12 2023 00:55:53 UTC
27-Nov-2023 19:54:59.081 INFO [main] org.apache.catalina.startup.VersionLoggerListener.log Server 버전 번호:  8.5.95.0
27-Nov-2023 19:54:59.081 INFO [main] org.apache.catalina.startup.VersionLoggerListener.log 운영체제 이름:     Windows 10
27-Nov-2023 19:54:59.082 INFO [main] org.apache.catalina.startup.VersionLoggerListener.log 운영체제 버전:     10.0
27-Nov-2023 19:54:59.082 INFO [main] org.apache.catalina.startup.VersionLoggerListener.log 아키텍처:          amd64
27-Nov-2023 19:54:59.082 INFO [main] org.apache.catalina.startup.VersionLoggerListener.log 자바 홈:           C:\java\jdk-11
27-Nov-2023 19:54:59.082 INFO [main] org.apache.catalina.startup.VersionLoggerListener.log JVM 버전:          11.0.0.1+3-5
27-Nov-2023 19:54:59.083 INFO [main] org.apache.catalina.startup.VersionLoggerListener.log JVM 벤더:          Oracle Corporation
27-Nov-2023 19:54:59.083 INFO [main] org.apache.catalina.startup.VersionLoggerListener.log CATALINA_BASE:     C:\Users\KimSangMin\OneDrive\바탕 화면\launch_roulette\apache-tomcat-8.5.95
27-Nov-2023 19:54:59.083 INFO [main] org.apache.catalina.startup.VersionLoggerListener.log CATALINA_HOME:     C:\Users\KimSangMin\OneDrive\바탕 화면\launch_roulette\apache-tomcat-8.5.95
27-Nov-2023 19:54:59.085 INFO [main] org.apache.catalina.startup.VersionLoggerListener.log 명령 행 아규먼트:  --add-opens=java.base/java.lang=ALL-UNNAMED
27-Nov-2023 19:54:59.086 INFO [main] org.apache.catalina.startup.VersionLoggerListener.log 명령 행 아규먼트:  --add-opens=java.base/java.io=ALL-UNNAMED
27-Nov-2023 19:54:59.087 INFO [main] org.apache.catalina.startup.VersionLoggerListener.log 명령 행 아규먼트:  --add-opens=java.base/java.util=ALL-UNNAMED
27-Nov-2023 19:54:59.088 INFO [main] org.apache.catalina.startup.VersionLoggerListener.log 명령 행 아규먼트:  --add-opens=java.base/java.util.concurrent=ALL-UNNAMED
27-Nov-2023 19:54:59.089 INFO [main] org.apache.catalina.startup.VersionLoggerListener.log 명령 행 아규먼트:  --add-opens=java.rmi/sun.rmi.transport=ALL-UNNAMED
27-Nov-2023 19:54:59.089 INFO [main] org.apache.catalina.startup.VersionLoggerListener.log 명령 행 아규먼트:  -Djava.util.logging.config.file=C:\Users\KimSangMin\OneDrive\바탕 화면\launch_roulette\apache-tomcat-8.5.95\conf\logging.properties
27-Nov-2023 19:54:59.090 INFO [main] org.apache.catalina.startup.VersionLoggerListener.log 명령 행 아규먼트:  -Djava.util.logging.manager=org.apache.juli.ClassLoaderLogManager
27-Nov-2023 19:54:59.091 INFO [main] org.apache.catalina.startup.VersionLoggerListener.log 명령 행 아규먼트:  -Djdk.tls.ephemeralDHKeySize=2048
27-Nov-2023 19:54:59.092 INFO [main] org.apache.catalina.startup.VersionLoggerListener.log 명령 행 아규먼트:  -Djava.protocol.handler.pkgs=org.apache.catalina.webresources
27-Nov-2023 19:54:59.093 INFO [main] org.apache.catalina.startup.VersionLoggerListener.log 명령 행 아규먼트:  -Dignore.endorsed.dirs=
27-Nov-2023 19:54:59.094 INFO [main] org.apache.catalina.startup.VersionLoggerListener.log 명령 행 아규먼트:  -Dcatalina.base=C:\Users\KimSangMin\OneDrive\바탕 화면\launch_roulette\apache-tomcat-8.5.95
27-Nov-2023 19:54:59.095 INFO [main] org.apache.catalina.startup.VersionLoggerListener.log 명령 행 아규먼트:  -Dcatalina.home=C:\Users\KimSangMin\OneDrive\바탕 화면\launch_roulette\apache-tomcat-8.5.95
27-Nov-2023 19:54:59.096 INFO [main] org.apache.catalina.startup.VersionLoggerListener.log 명령 행 아규먼트:  -Djava.io.tmpdir=C:\Users\KimSangMin\OneDrive\바탕 화면\launch_roulette\apache-tomcat-8.5.95\temp
27-Nov-2023 19:54:59.096 INFO [main] org.apache.catalina.core.AprLifecycleListener.lifecycleEvent APR 버전 [1.7.4]을(를) 사용한, APR 기반 Apache Tomcat Native 라이브러리 [1.2.39]을(를) 로드했습니다.
27-Nov-2023 19:54:59.099 INFO [main] org.apache.catalina.core.AprLifecycleListener.lifecycleEvent APR 용량정보들: IPv6 [true], sendfile [true], accept filters [false], random [true], UDS [{4}].
27-Nov-2023 19:54:59.100 INFO [main] org.apache.catalina.core.AprLifecycleListener.lifecycleEvent APR/OpenSSL 설정: useAprConnector [false], useOpenSSL [true]
27-Nov-2023 19:54:59.115 INFO [main] org.apache.catalina.core.AprLifecycleListener.initializeSSL OpenSSL이 성공적으로 초기화되었습니다: [OpenSSL 3.0.11 19 Sep 2023]
27-Nov-2023 19:54:59.191 INFO [main] org.apache.coyote.AbstractProtocol.init 프로토콜 핸들러 ["http-nio-8080"]을(를) 초기화합니다.
27-Nov-2023 19:54:59.233 INFO [main] org.apache.catalina.startup.Catalina.load Initialization processed in 718 ms
27-Nov-2023 19:54:59.319 INFO [main] org.apache.catalina.core.StandardService.startInternal 서비스 [Catalina]을(를) 시작합니다.
27-Nov-2023 19:54:59.324 INFO [main] org.apache.catalina.core.StandardEngine.startInternal 서버 엔진을 시작합니다: [Apache Tomcat/8.5.95]
27-Nov-2023 19:54:59.341 INFO [localhost-startStop-1] org.apache.catalina.startup.HostConfig.deployDirectory 웹 애플리케이션 디렉토리 [C:\Users\KimSangMin\OneDrive\바탕 화면\launch_roulette\apache-tomcat-8.5.95\webapps\docs]을(를) 배치합니다.
27-Nov-2023 19:55:00.331 INFO [localhost-startStop-1] org.apache.jasper.servlet.TldScanner.scanJars 적어도 하나의 JAR가 TLD들을 찾기 위해 스캔되었으나 아무 것도 찾지 못했습니다. 스캔했으나 TLD가 없는 JAR들의 전체 목록을 보시려면, 로그 레벨을 디버그 레벨로 설정하십시오. 스캔 과정에서 불필요한 JAR들을 건너뛰면, 시스템 시작 시간과 JSP 컴파일 시간을 단축시킬 수 있습니다.
27-Nov-2023 19:55:01.154 WARNING [localhost-startStop-1] org.apache.catalina.util.SessionIdGeneratorBase.createSecureRandom [SHA1PRNG] 알고리즘을 사용하여, 세션 ID를 생성하기 위한 SecureRandom 객체를 생성하는데, [786] 밀리초가 소요됐습니다.
27-Nov-2023 19:55:01.163 WARNING [localhost-startStop-1] org.apache.catalina.filters.FilterBase.init 타입이 [org.apache.catalina.filters.SetCharacterEncodingFilter]인 필터들에 프로퍼티 [forceEncoding]이(가) 정의되지 않았습니다.
27-Nov-2023 19:55:01.191 INFO [localhost-startStop-1] org.apache.catalina.startup.HostConfig.deployDirectory 웹 애플리케이션 디렉토리 [C:\Users\KimSangMin\OneDrive\바탕 화면\launch_roulette\apache-tomcat-8.5.95\webapps\docs]에 대한 배치가 [1,851] 밀리초에 완료되었습니다.
27-Nov-2023 19:55:01.198 INFO [localhost-startStop-1] org.apache.catalina.startup.HostConfig.deployDirectory 웹 애플리케이션 디렉토리 [C:\Users\KimSangMin\OneDrive\바탕 화면\launch_roulette\apache-tomcat-8.5.95\webapps\examples]을(를) 배치합니다.
27-Nov-2023 19:55:01.996 INFO [localhost-startStop-1] org.apache.jasper.servlet.TldScanner.scanJars 적어도 하나의 JAR가 TLD들을 찾기 위해 스캔되었으나 아무 것도 찾지 못했습니다. 스캔했으나 TLD가 없는 JAR들의 전체 목록을 보시려면, 로그 레벨을 디버그 레벨로 설정하십시오. 스캔 과정에서 불필요한 JAR들을 건너뛰면, 시스템 시작 시간과 JSP 컴파일 시간을 단축시킬 수 있습니다.
27-Nov-2023 19:55:02.060 WARNING [localhost-startStop-1] org.apache.catalina.filters.FilterBase.init 타입이 [org.apache.catalina.filters.SetCharacterEncodingFilter]인 필터들에 프로퍼티 [forceEncoding]이(가) 정의되지 않았습니다.
27-Nov-2023 19:55:02.068 INFO [localhost-startStop-1] org.apache.catalina.startup.HostConfig.deployDirectory 웹 애플리케이션 디렉토리 [C:\Users\KimSangMin\OneDrive\바탕 화면\launch_roulette\apache-tomcat-8.5.95\webapps\examples]에 대한 배치가 [870] 밀리초에 완료되었습니다.
27-Nov-2023 19:55:02.070 INFO [localhost-startStop-1] org.apache.catalina.startup.HostConfig.deployDirectory 웹 애플리케이션 디렉토리 [C:\Users\KimSangMin\OneDrive\바탕 화면\launch_roulette\apache-tomcat-8.5.95\webapps\host-manager]을(를) 배치합니다.
27-Nov-2023 19:55:02.571 INFO [localhost-startStop-1] org.apache.jasper.servlet.TldScanner.scanJars 적어도 하나의 JAR가 TLD들을 찾기 위해 스캔되었으나 아무 것도 찾지 못했습니다. 스캔했으나 TLD가 없는 JAR들의 전체 목록을 보시려면, 로그 레벨을 디버그 레벨로 설정하십시오. 스캔 과정에서 불필요한 JAR들을 건너뛰면, 시스템 시작 시간과 JSP 컴파일 시간을 단축시킬 수 있습니다.
27-Nov-2023 19:55:02.577 WARNING [localhost-startStop-1] org.apache.catalina.filters.FilterBase.init 타입이 [org.apache.catalina.filters.SetCharacterEncodingFilter]인 필터들에 프로퍼티 [forceEncoding]이(가) 정의되지 않았습니다.
27-Nov-2023 19:55:02.588 INFO [localhost-startStop-1] org.apache.catalina.startup.HostConfig.deployDirectory 웹 애플리케이션 디렉토리 [C:\Users\KimSangMin\OneDrive\바탕 화면\launch_roulette\apache-tomcat-8.5.95\webapps\host-manager]에 대한 배치가 [519] 밀리초에 완료되었습니다.
27-Nov-2023 19:55:02.596 INFO [localhost-startStop-1] org.apache.catalina.startup.HostConfig.deployDirectory 웹 애플리케이션 디렉토리 [C:\Users\KimSangMin\OneDrive\바탕 화면\launch_roulette\apache-tomcat-8.5.95\webapps\manager]을(를) 배치합니다.
27-Nov-2023 19:55:03.365 INFO [localhost-startStop-1] org.apache.jasper.servlet.TldScanner.scanJars 적어도 하나의 JAR가 TLD들을 찾기 위해 스캔되었으나 아무 것도 찾지 못했습니다. 스캔했으나 TLD가 없는 JAR들의 전체 목록을 보시려면, 로그 레벨을 디버그 레벨로 설정하십시오. 스캔 과정에서 불필요한 JAR들을 건너뛰면, 시스템 시작 시간과 JSP 컴파일 시간을 단축시킬 수 있습니다.
27-Nov-2023 19:55:03.371 WARNING [localhost-startStop-1] org.apache.catalina.filters.FilterBase.init 타입이 [org.apache.catalina.filters.SetCharacterEncodingFilter]인 필터들에 프로퍼티 [forceEncoding]이(가) 정의되지 않았습니다.
27-Nov-2023 19:55:03.376 INFO [localhost-startStop-1] org.apache.catalina.startup.HostConfig.deployDirectory 웹 애플리케이션 디렉토리 [C:\Users\KimSangMin\OneDrive\바탕 화면\launch_roulette\apache-tomcat-8.5.95\webapps\manager]에 대한 배치가 [782] 밀리초에 완료되었습니다.
27-Nov-2023 19:55:03.378 INFO [localhost-startStop-1] org.apache.catalina.startup.HostConfig.deployDirectory 웹 애플리케이션 디렉토리 [C:\Users\KimSangMin\OneDrive\바탕 화면\launch_roulette\apache-tomcat-8.5.95\webapps\ROOT]을(를) 배치합니다.
27-Nov-2023 19:55:03.826 INFO [localhost-startStop-1] org.apache.jasper.servlet.TldScanner.scanJars 적어도 하나의 JAR가 TLD들을 찾기 위해 스캔되었으나 아무 것도 찾지 못했습니다. 스캔했으나 TLD가 없는 JAR들의 전체 목록을 보시려면, 로그 레벨을 디버그 레벨로 설정하십시오. 스캔 과정에서 불필요한 JAR들을 건너뛰면, 시스템 시작 시간과 JSP 컴파일 시간을 단축시킬 수 있습니다.
27-Nov-2023 19:55:03.854 WARNING [localhost-startStop-1] org.apache.catalina.filters.FilterBase.init 타입이 [org.apache.catalina.filters.SetCharacterEncodingFilter]인 필터들에 프로퍼티 [forceEncoding]이(가) 정의되지 않았습니다.
27-Nov-2023 19:55:03.863 INFO [localhost-startStop-1] org.apache.catalina.startup.HostConfig.deployDirectory 웹 애플리케이션 디렉토리 [C:\Users\KimSangMin\OneDrive\바탕 화면\launch_roulette\apache-tomcat-8.5.95\webapps\ROOT]에 대한 배치가 [485] 밀리초에 완료되었습니다.
27-Nov-2023 19:55:03.872 INFO [main] org.apache.coyote.AbstractProtocol.start 프로토콜 핸들러 ["http-nio-8080"]을(를) 시작합니다.
27-Nov-2023 19:55:04.849 INFO [main] org.apache.catalina.startup.Catalina.start Server startup in 5615 ms
27-Nov-2023 20:44:42.157 INFO [main] org.apache.catalina.core.StandardServer.await 셧다운 포트를 통해 유효한 셧다운 명령을 받았습니다. 서버 인스턴스를 중지시킵니다.
27-Nov-2023 20:44:59.329 INFO [main] org.apache.catalina.startup.VersionLoggerListener.log 서버 버전 이름:    Apache Tomcat/8.5.95
27-Nov-2023 20:44:59.335 INFO [main] org.apache.catalina.startup.VersionLoggerListener.log Server 빌드 시각:  Oct 12 2023 00:55:53 UTC
27-Nov-2023 20:44:59.336 INFO [main] org.apache.catalina.startup.VersionLoggerListener.log Server 버전 번호:  8.5.95.0
27-Nov-2023 20:44:59.336 INFO [main] org.apache.catalina.startup.VersionLoggerListener.log 운영체제 이름:     Windows 10
27-Nov-2023 20:44:59.337 INFO [main] org.apache.catalina.startup.VersionLoggerListener.log 운영체제 버전:     10.0
27-Nov-2023 20:44:59.337 INFO [main] org.apache.catalina.startup.VersionLoggerListener.log 아키텍처:          amd64
27-Nov-2023 20:44:59.337 INFO [main] org.apache.catalina.startup.VersionLoggerListener.log 자바 홈:           C:\java\jdk-11
27-Nov-2023 20:44:59.337 INFO [main] org.apache.catalina.startup.VersionLoggerListener.log JVM 버전:          11.0.0.1+3-5
27-Nov-2023 20:44:59.338 INFO [main] org.apache.catalina.startup.VersionLoggerListener.log JVM 벤더:          Oracle Corporation
27-Nov-2023 20:44:59.338 INFO [main] org.apache.catalina.startup.VersionLoggerListener.log CATALINA_BASE:     C:\Users\KimSangMin\OneDrive\바탕 화면\launch_roulette\apache-tomcat-8.5.95
27-Nov-2023 20:44:59.338 INFO [main] org.apache.catalina.startup.VersionLoggerListener.log CATALINA_HOME:     C:\Users\KimSangMin\OneDrive\바탕 화면\launch_roulette\apache-tomcat-8.5.95
27-Nov-2023 20:44:59.340 INFO [main] org.apache.catalina.startup.VersionLoggerListener.log 명령 행 아규먼트:  --add-opens=java.base/java.lang=ALL-UNNAMED
27-Nov-2023 20:44:59.341 INFO [main] org.apache.catalina.startup.VersionLoggerListener.log 명령 행 아규먼트:  --add-opens=java.base/java.io=ALL-UNNAMED
27-Nov-2023 20:44:59.341 INFO [main] org.apache.catalina.startup.VersionLoggerListener.log 명령 행 아규먼트:  --add-opens=java.base/java.util=ALL-UNNAMED
27-Nov-2023 20:44:59.342 INFO [main] org.apache.catalina.startup.VersionLoggerListener.log 명령 행 아규먼트:  --add-opens=java.base/java.util.concurrent=ALL-UNNAMED
27-Nov-2023 20:44:59.343 INFO [main] org.apache.catalina.startup.VersionLoggerListener.log 명령 행 아규먼트:  --add-opens=java.rmi/sun.rmi.transport=ALL-UNNAMED
27-Nov-2023 20:44:59.344 INFO [main] org.apache.catalina.startup.VersionLoggerListener.log 명령 행 아규먼트:  -Djava.util.logging.config.file=C:\Users\KimSangMin\OneDrive\바탕 화면\launch_roulette\apache-tomcat-8.5.95\conf\logging.properties
27-Nov-2023 20:44:59.345 INFO [main] org.apache.catalina.startup.VersionLoggerListener.log 명령 행 아규먼트:  -Djava.util.logging.manager=org.apache.juli.ClassLoaderLogManager
27-Nov-2023 20:44:59.346 INFO [main] org.apache.catalina.startup.VersionLoggerListener.log 명령 행 아규먼트:  -Djdk.tls.ephemeralDHKeySize=2048
27-Nov-2023 20:44:59.347 INFO [main] org.apache.catalina.startup.VersionLoggerListener.log 명령 행 아규먼트:  -Djava.protocol.handler.pkgs=org.apache.catalina.webresources
27-Nov-2023 20:44:59.347 INFO [main] org.apache.catalina.startup.VersionLoggerListener.log 명령 행 아규먼트:  -Dignore.endorsed.dirs=
27-Nov-2023 20:44:59.348 INFO [main] org.apache.catalina.startup.VersionLoggerListener.log 명령 행 아규먼트:  -Dcatalina.base=C:\Users\KimSangMin\OneDrive\바탕 화면\launch_roulette\apache-tomcat-8.5.95
27-Nov-2023 20:44:59.349 INFO [main] org.apache.catalina.startup.VersionLoggerListener.log 명령 행 아규먼트:  -Dcatalina.home=C:\Users\KimSangMin\OneDrive\바탕 화면\launch_roulette\apache-tomcat-8.5.95
27-Nov-2023 20:44:59.349 INFO [main] org.apache.catalina.startup.VersionLoggerListener.log 명령 행 아규먼트:  -Djava.io.tmpdir=C:\Users\KimSangMin\OneDrive\바탕 화면\launch_roulette\apache-tomcat-8.5.95\temp
27-Nov-2023 20:44:59.351 INFO [main] org.apache.catalina.core.AprLifecycleListener.lifecycleEvent APR 버전 [1.7.4]을(를) 사용한, APR 기반 Apache Tomcat Native 라이브러리 [1.2.39]을(를) 로드했습니다.
27-Nov-2023 20:44:59.356 INFO [main] org.apache.catalina.core.AprLifecycleListener.lifecycleEvent APR 용량정보들: IPv6 [true], sendfile [true], accept filters [false], random [true], UDS [{4}].
27-Nov-2023 20:44:59.357 INFO [main] org.apache.catalina.core.AprLifecycleListener.lifecycleEvent APR/OpenSSL 설정: useAprConnector [false], useOpenSSL [true]
27-Nov-2023 20:44:59.368 INFO [main] org.apache.catalina.core.AprLifecycleListener.initializeSSL OpenSSL이 성공적으로 초기화되었습니다: [OpenSSL 3.0.11 19 Sep 2023]
27-Nov-2023 20:44:59.445 INFO [main] org.apache.coyote.AbstractProtocol.init 프로토콜 핸들러 ["http-nio-8080"]을(를) 초기화합니다.
27-Nov-2023 20:44:59.484 INFO [main] org.apache.catalina.startup.Catalina.load Initialization processed in 776 ms
27-Nov-2023 20:44:59.558 INFO [main] org.apache.catalina.core.StandardService.startInternal 서비스 [Catalina]을(를) 시작합니다.
27-Nov-2023 20:44:59.562 INFO [main] org.apache.catalina.core.StandardEngine.startInternal 서버 엔진을 시작합니다: [Apache Tomcat/8.5.95]
27-Nov-2023 20:44:59.581 INFO [localhost-startStop-1] org.apache.catalina.startup.HostConfig.deployDirectory 웹 애플리케이션 디렉토리 [C:\Users\KimSangMin\OneDrive\바탕 화면\launch_roulette\apache-tomcat-8.5.95\webapps\docs]을(를) 배치합니다.
27-Nov-2023 20:45:00.572 INFO [localhost-startStop-1] org.apache.jasper.servlet.TldScanner.scanJars 적어도 하나의 JAR가 TLD들을 찾기 위해 스캔되었으나 아무 것도 찾지 못했습니다. 스캔했으나 TLD가 없는 JAR들의 전체 목록을 보시려면, 로그 레벨을 디버그 레벨로 설정하십시오. 스캔 과정에서 불필요한 JAR들을 건너뛰면, 시스템 시작 시간과 JSP 컴파일 시간을 단축시킬 수 있습니다.
27-Nov-2023 20:45:01.466 WARNING [localhost-startStop-1] org.apache.catalina.util.SessionIdGeneratorBase.createSecureRandom [SHA1PRNG] 알고리즘을 사용하여, 세션 ID를 생성하기 위한 SecureRandom 객체를 생성하는데, [857] 밀리초가 소요됐습니다.
27-Nov-2023 20:45:01.474 WARNING [localhost-startStop-1] org.apache.catalina.filters.FilterBase.init 타입이 [org.apache.catalina.filters.SetCharacterEncodingFilter]인 필터들에 프로퍼티 [forceEncoding]이(가) 정의되지 않았습니다.
27-Nov-2023 20:45:01.497 INFO [localhost-startStop-1] org.apache.catalina.startup.HostConfig.deployDirectory 웹 애플리케이션 디렉토리 [C:\Users\KimSangMin\OneDrive\바탕 화면\launch_roulette\apache-tomcat-8.5.95\webapps\docs]에 대한 배치가 [1,915] 밀리초에 완료되었습니다.
27-Nov-2023 20:45:01.501 INFO [localhost-startStop-1] org.apache.catalina.startup.HostConfig.deployDirectory 웹 애플리케이션 디렉토리 [C:\Users\KimSangMin\OneDrive\바탕 화면\launch_roulette\apache-tomcat-8.5.95\webapps\examples]을(를) 배치합니다.
27-Nov-2023 20:45:03.164 INFO [localhost-startStop-1] org.apache.jasper.servlet.TldScanner.scanJars 적어도 하나의 JAR가 TLD들을 찾기 위해 스캔되었으나 아무 것도 찾지 못했습니다. 스캔했으나 TLD가 없는 JAR들의 전체 목록을 보시려면, 로그 레벨을 디버그 레벨로 설정하십시오. 스캔 과정에서 불필요한 JAR들을 건너뛰면, 시스템 시작 시간과 JSP 컴파일 시간을 단축시킬 수 있습니다.
27-Nov-2023 20:45:03.221 WARNING [localhost-startStop-1] org.apache.catalina.filters.FilterBase.init 타입이 [org.apache.catalina.filters.SetCharacterEncodingFilter]인 필터들에 프로퍼티 [forceEncoding]이(가) 정의되지 않았습니다.
27-Nov-2023 20:45:03.231 INFO [localhost-startStop-1] org.apache.catalina.startup.HostConfig.deployDirectory 웹 애플리케이션 디렉토리 [C:\Users\KimSangMin\OneDrive\바탕 화면\launch_roulette\apache-tomcat-8.5.95\webapps\examples]에 대한 배치가 [1,730] 밀리초에 완료되었습니다.
27-Nov-2023 20:45:03.233 INFO [localhost-startStop-1] org.apache.catalina.startup.HostConfig.deployDirectory 웹 애플리케이션 디렉토리 [C:\Users\KimSangMin\OneDrive\바탕 화면\launch_roulette\apache-tomcat-8.5.95\webapps\host-manager]을(를) 배치합니다.
27-Nov-2023 20:45:03.621 INFO [localhost-startStop-1] org.apache.jasper.servlet.TldScanner.scanJars 적어도 하나의 JAR가 TLD들을 찾기 위해 스캔되었으나 아무 것도 찾지 못했습니다. 스캔했으나 TLD가 없는 JAR들의 전체 목록을 보시려면, 로그 레벨을 디버그 레벨로 설정하십시오. 스캔 과정에서 불필요한 JAR들을 건너뛰면, 시스템 시작 시간과 JSP 컴파일 시간을 단축시킬 수 있습니다.
27-Nov-2023 20:45:03.626 WARNING [localhost-startStop-1] org.apache.catalina.filters.FilterBase.init 타입이 [org.apache.catalina.filters.SetCharacterEncodingFilter]인 필터들에 프로퍼티 [forceEncoding]이(가) 정의되지 않았습니다.
27-Nov-2023 20:45:03.634 INFO [localhost-startStop-1] org.apache.catalina.startup.HostConfig.deployDirectory 웹 애플리케이션 디렉토리 [C:\Users\KimSangMin\OneDrive\바탕 화면\launch_roulette\apache-tomcat-8.5.95\webapps\host-manager]에 대한 배치가 [401] 밀리초에 완료되었습니다.
27-Nov-2023 20:45:03.638 INFO [localhost-startStop-1] org.apache.catalina.startup.HostConfig.deployDirectory 웹 애플리케이션 디렉토리 [C:\Users\KimSangMin\OneDrive\바탕 화면\launch_roulette\apache-tomcat-8.5.95\webapps\manager]을(를) 배치합니다.
27-Nov-2023 20:45:04.022 INFO [localhost-startStop-1] org.apache.jasper.servlet.TldScanner.scanJars 적어도 하나의 JAR가 TLD들을 찾기 위해 스캔되었으나 아무 것도 찾지 못했습니다. 스캔했으나 TLD가 없는 JAR들의 전체 목록을 보시려면, 로그 레벨을 디버그 레벨로 설정하십시오. 스캔 과정에서 불필요한 JAR들을 건너뛰면, 시스템 시작 시간과 JSP 컴파일 시간을 단축시킬 수 있습니다.
27-Nov-2023 20:45:04.026 WARNING [localhost-startStop-1] org.apache.catalina.filters.FilterBase.init 타입이 [org.apache.catalina.filters.SetCharacterEncodingFilter]인 필터들에 프로퍼티 [forceEncoding]이(가) 정의되지 않았습니다.
27-Nov-2023 20:45:04.031 INFO [localhost-startStop-1] org.apache.catalina.startup.HostConfig.deployDirectory 웹 애플리케이션 디렉토리 [C:\Users\KimSangMin\OneDrive\바탕 화면\launch_roulette\apache-tomcat-8.5.95\webapps\manager]에 대한 배치가 [393] 밀리초에 완료되었습니다.
27-Nov-2023 20:45:04.032 INFO [localhost-startStop-1] org.apache.catalina.startup.HostConfig.deployDirectory 웹 애플리케이션 디렉토리 [C:\Users\KimSangMin\OneDrive\바탕 화면\launch_roulette\apache-tomcat-8.5.95\webapps\ROOT]을(를) 배치합니다.
27-Nov-2023 20:45:04.379 INFO [localhost-startStop-1] org.apache.jasper.servlet.TldScanner.scanJars 적어도 하나의 JAR가 TLD들을 찾기 위해 스캔되었으나 아무 것도 찾지 못했습니다. 스캔했으나 TLD가 없는 JAR들의 전체 목록을 보시려면, 로그 레벨을 디버그 레벨로 설정하십시오. 스캔 과정에서 불필요한 JAR들을 건너뛰면, 시스템 시작 시간과 JSP 컴파일 시간을 단축시킬 수 있습니다.
27-Nov-2023 20:45:04.388 WARNING [localhost-startStop-1] org.apache.catalina.filters.FilterBase.init 타입이 [org.apache.catalina.filters.SetCharacterEncodingFilter]인 필터들에 프로퍼티 [forceEncoding]이(가) 정의되지 않았습니다.
27-Nov-2023 20:45:04.393 INFO [localhost-startStop-1] org.apache.catalina.startup.HostConfig.deployDirectory 웹 애플리케이션 디렉토리 [C:\Users\KimSangMin\OneDrive\바탕 화면\launch_roulette\apache-tomcat-8.5.95\webapps\ROOT]에 대한 배치가 [361] 밀리초에 완료되었습니다.
27-Nov-2023 20:45:04.409 INFO [main] org.apache.coyote.AbstractProtocol.start 프로토콜 핸들러 ["http-nio-8080"]을(를) 시작합니다.
27-Nov-2023 20:45:05.214 INFO [main] org.apache.catalina.startup.Catalina.start Server startup in 5729 ms
